/*C1*/SET SCHEMA SYSTEM_LOBS
INSERT INTO BLOCKS VALUES(0,2147483647,0)
COMMIT
/*C2*/SET SCHEMA PUBLIC
create table Course (id integer not null, name varchar(255), degree_id integer, primary key (id))
create table Degree (id integer not null, name varchar(255), primary key (id))
create table Student (id integer not null, first_name varchar(255), last_name varchar(255), student_number varchar(255), degree_id integer, primary key (id))
create table student_course (course_id integer not null, student_id integer not null)
alter table Course add constraint UK_topojlrn80k8ohbvly4jj7t6f unique (name)
alter table Degree add constraint UK_36aujrl3uiawbb5evu6ir0ybm unique (name)
alter table Student add constraint UK_5yf7n1w8s6m17rmp5ieqvswx3 unique (student_number)
create sequence SEQUENCE_COURSES start with 1 increment by 1
create sequence SEQUENCE_DEGREES start with 1 increment by 1
create sequence SEQUENCE_PEOPLE start with 1 increment by 1
alter table Course add constraint FK70k2o8cq28uhjkrfd22phyc3c foreign key (degree_id) references Degree
alter table Student add constraint FKppresqu7h7rp3jyg8ojx1myre foreign key (degree_id) references Degree
alter table student_course add constraint FKpwtumr5ofgydxbuhmvdql4fye foreign key (student_id) references Student
alter table student_course add constraint FKtao0ysp4xfmi9dlxc10ku58qq foreign key (course_id) references Course
INSERT INTO DEGREE VALUES(1,'An\u00e1lises Cl\u00ednicas e Sa\u00fade P\u00fablica')
INSERT INTO COURSE VALUES(1,'Acredita\u00e7\u00e3o de Laborat\u00f3rios (a)',1)
INSERT INTO COURSE VALUES(2,'Bacteriologia',1)
INSERT INTO COURSE VALUES(3,'Bioqu\u00edmica Cl\u00ednica I',1)
INSERT INTO COURSE VALUES(4,'Bioqu\u00edmica Cl\u00ednica II',1)
INSERT INTO COURSE VALUES(5,'Controlo da Qualidade em An\u00e1lises Cl\u00ednicas',1)
INSERT INTO COURSE VALUES(6,'Farmacologia e Toxicologia',1)
INSERT INTO COURSE VALUES(7,'Gen\u00e9tica M\u00e9dica (a)',1)
INSERT INTO COURSE VALUES(8,'Gen\u00e9tica Molecular',1)
INSERT INTO COURSE VALUES(9,'Hematologia Cl\u00ednica I',1)
INSERT INTO COURSE VALUES(10,'Hematologia Cl\u00ednica II',1)
INSERT INTO COURSE VALUES(11,'Hidrologia e An\u00e1lises Hidrol\u00f3gicas',1)
INSERT INTO COURSE VALUES(12,'Histologia e Embriologia',1)
INSERT INTO COURSE VALUES(13,'Imuno-Hemoterapia',1)
INSERT INTO COURSE VALUES(14,'Imunologia',1)
INSERT INTO COURSE VALUES(15,'Medicina Legal (a)',1)
INSERT INTO COURSE VALUES(16,'M\u00e9todos e T\u00e9cnicas da Comunica\u00e7\u00e3o',1)
INSERT INTO COURSE VALUES(17,'M\u00e9todos Instrumentais de An\u00e1lise',1)
INSERT INTO COURSE VALUES(18,'Micologia',1)
INSERT INTO COURSE VALUES(19,'Parasitologia',1)
INSERT INTO COURSE VALUES(20,'Patologia Cl\u00ednica',1)
INSERT INTO COURSE VALUES(21,'Qu\u00edmica Aplicada',1)
INSERT INTO COURSE VALUES(22,'Radioterapia (a)',1)
INSERT INTO COURSE VALUES(23,'Seguran\u00e7a Alimentar (a)',1)
INSERT INTO COURSE VALUES(24,'Virologia',1)
ALTER SEQUENCE PUBLIC.SEQUENCE_DEGREES RESTART WITH 2
ALTER SEQUENCE PUBLIC.SEQUENCE_COURSES RESTART WITH 25
COMMIT
INSERT INTO DEGREE VALUES(2,'Ci\u00eancias da Nutri\u00e7\u00e3o')
INSERT INTO COURSE VALUES(25,'Alimenta\u00e7\u00e3o coletiva, restaura\u00e7\u00e3o e hotelaria',2)
INSERT INTO COURSE VALUES(26,'Alimenta\u00e7\u00e3o e nutri\u00e7\u00e3o do desenvolvimento',2)
INSERT INTO COURSE VALUES(27,'Alimenta\u00e7\u00e3o e nutri\u00e7\u00e3o humana I',2)
INSERT INTO COURSE VALUES(28,'Alimenta\u00e7\u00e3o e nutri\u00e7\u00e3o humana II',2)
INSERT INTO COURSE VALUES(29,'Avalia\u00e7\u00e3o do estado nutricional I',2)
INSERT INTO COURSE VALUES(30,'Bioqu\u00edmica dos alimentos',2)
INSERT INTO COURSE VALUES(31,'Biotecnologia alimentar e desenvolvimento de ',2)
INSERT INTO COURSE VALUES(32,'Composi\u00e7\u00e3o nutricional dos alimentos',2)
INSERT INTO COURSE VALUES(33,'Embriologia, histologia e citologia',2)
INSERT INTO COURSE VALUES(34,'Epidemiologia nutricional',2)
INSERT INTO COURSE VALUES(35,'Farmacodinamia',2)
INSERT INTO COURSE VALUES(36,'Fisiopatologia humana',2)
INSERT INTO COURSE VALUES(37,'Gastrotecnia',2)
INSERT INTO COURSE VALUES(38,'Gen\u00e9tica m\u00e9dica',2)
INSERT INTO COURSE VALUES(39,'Gram\u00e1tica da comunica\u00e7\u00e3o e terminologia m\u00e9dic',2)
INSERT INTO COURSE VALUES(40,'Hist\u00f3ria e antropossociologia da alimenta\u00e7\u00e3o',2)
INSERT INTO COURSE VALUES(41,'M\u00e9todos de avalia\u00e7\u00e3o da ingest\u00e3o alimentar',2)
INSERT INTO COURSE VALUES(42,'Nutri\u00e7\u00e3o e desporto',2)
INSERT INTO COURSE VALUES(43,'Nutri\u00e7\u00e3o e sa\u00fade p\u00fablica',2)
INSERT INTO COURSE VALUES(44,'Nutri\u00e7\u00e3o hospitalar e suporte nutricional',2)
INSERT INTO COURSE VALUES(45,'Patologia e dietoterapia I',2)
INSERT INTO COURSE VALUES(46,'Patologia e dietoterapia II',2)
INSERT INTO COURSE VALUES(47,'Pol\u00edtica nutricional',2)
INSERT INTO COURSE VALUES(48,'Qualidade e seguran\u00e7a alimentar',2)
INSERT INTO COURSE VALUES(49,'Qu\u00edmica geral e org\u00e2nica',2)
INSERT INTO COURSE VALUES(50,'Tecnologia alimentar',2)
INSERT INTO COURSE VALUES(51,'Toxicologia alimentar',2)
ALTER SEQUENCE PUBLIC.SEQUENCE_DEGREES RESTART WITH 3
ALTER SEQUENCE PUBLIC.SEQUENCE_COURSES RESTART WITH 52
COMMIT
INSERT INTO DEGREE VALUES(3,'Enfermagem')
INSERT INTO COURSE VALUES(52,'Enfermagem cir\u00fargica I',3)
INSERT INTO COURSE VALUES(53,'Enfermagem cir\u00fargica II \u2013 Ensino cl\u00ednico',3)
INSERT INTO COURSE VALUES(54,'Enfermagem de interven\u00e7\u00e3o familiar comunit\u00e1ri',3)
INSERT INTO COURSE VALUES(55,'Enfermagem de sa\u00fade comunit\u00e1ria I',3)
INSERT INTO COURSE VALUES(56,'Enfermagem de sa\u00fade da crian\u00e7a e do jovem I',3)
INSERT INTO COURSE VALUES(57,'Enfermagem de sa\u00fade materna I',3)
INSERT INTO COURSE VALUES(58,'Enfermagem de sa\u00fade mental e psiqui\u00e1trica I',3)
INSERT INTO COURSE VALUES(59,'Enfermagem de sa\u00fade mental e psiqui\u00e1trica II ',3)
INSERT INTO COURSE VALUES(60,'Enfermagem de urg\u00eancia e emerg\u00eancia I',3)
INSERT INTO COURSE VALUES(61,'Enfermagem geri\u00e1trica I',3)
INSERT INTO COURSE VALUES(62,'Enfermagem m\u00e9dica I',3)
INSERT INTO COURSE VALUES(63,'Epistemologia da enfermagem',3)
INSERT INTO COURSE VALUES(64,'Fundamentos e procedimentos em enfermagem I',3)
INSERT INTO COURSE VALUES(65,'Fundamentos e procedimentos em enfermagem II',3)
INSERT INTO COURSE VALUES(66,'M\u00e9todos e t\u00e9cnicas de investiga\u00e7\u00e3o',3)
INSERT INTO COURSE VALUES(67,'Nutri\u00e7\u00e3o e diet\u00e9tica',3)
INSERT INTO COURSE VALUES(68,'Patologia m\u00e9dica e cir\u00fargica',3)
INSERT INTO COURSE VALUES(69,'Princ\u00edpios de pedagogia e did\u00e1tica',3)
ALTER SEQUENCE PUBLIC.SEQUENCE_DEGREES RESTART WITH 4
ALTER SEQUENCE PUBLIC.SEQUENCE_COURSES RESTART WITH 70
COMMIT
INSERT INTO DEGREE VALUES(4,'Fisioterapia')
INSERT INTO COURSE VALUES(70,'Economia e Gest\u00e3o dos Servi\u00e7os de Sa\u00fade',4)
INSERT INTO COURSE VALUES(71,'Histologia',4)
INSERT INTO COURSE VALUES(72,'Imagiologia Aplicada',4)
INSERT INTO COURSE VALUES(73,'M\u00e9todos e T\u00e9cnicas de Fisioterapia I',4)
INSERT INTO COURSE VALUES(74,'M\u00e9todos e T\u00e9cnicas de Fisioterapia II',4)
INSERT INTO COURSE VALUES(75,'M\u00e9todos e T\u00e9cnicas de Fisioterapia III',4)
INSERT INTO COURSE VALUES(76,'M\u00e9todos e T\u00e9cnicas de Fisioterapia IV',4)
INSERT INTO COURSE VALUES(77,'M\u00e9todos e T\u00e9cnicas de Fisioterapia V',4)
INSERT INTO COURSE VALUES(78,'M\u00e9todos e T\u00e9cnicas de Fisioterapia VI',4)
INSERT INTO COURSE VALUES(79,'Patologia I',4)
INSERT INTO COURSE VALUES(80,'Patologia II',4)
INSERT INTO COURSE VALUES(81,'Patologia III',4)
INSERT INTO COURSE VALUES(82,'Psicomotricidade',4)
ALTER SEQUENCE PUBLIC.SEQUENCE_DEGREES RESTART WITH 5
ALTER SEQUENCE PUBLIC.SEQUENCE_COURSES RESTART WITH 83
COMMIT
INSERT INTO DEGREE VALUES(5,'Reabilita\u00e7\u00e3o Psicomotora')
INSERT INTO COURSE VALUES(83,'Fundamentos da reabilita\u00e7\u00e3o',5)
INSERT INTO COURSE VALUES(84,'Introdu\u00e7\u00e3o \u00e0 psiquiatria',5)
INSERT INTO COURSE VALUES(85,'M\u00e9todos e t\u00e9cnicas de avalia\u00e7\u00e3o funcional',5)
INSERT INTO COURSE VALUES(86,'Patologia da linguagem',5)
INSERT INTO COURSE VALUES(87,'Psicomotricidade I',5)
INSERT INTO COURSE VALUES(88,'Psicomotricidade II',5)
INSERT INTO COURSE VALUES(89,'Psicomotricidade III',5)
INSERT INTO COURSE VALUES(90,'Psicopatologia da crian\u00e7a ao senescente',5)
INSERT INTO COURSE VALUES(91,'Psicopedagogia terap\u00eautica',5)
INSERT INTO COURSE VALUES(92,'Psicoterapia',5)
INSERT INTO COURSE VALUES(93,'Reabilita\u00e7\u00e3o psicomotora I',5)
INSERT INTO COURSE VALUES(94,'Reabilita\u00e7\u00e3o psicomotora II',5)
INSERT INTO COURSE VALUES(95,'Sistemas de educa\u00e7\u00e3o e educa\u00e7\u00e3o especial',5)
ALTER SEQUENCE PUBLIC.SEQUENCE_DEGREES RESTART WITH 6
ALTER SEQUENCE PUBLIC.SEQUENCE_COURSES RESTART WITH 96
COMMIT
INSERT INTO DEGREE VALUES(6,'Terap\u00eautica da Fala')
INSERT INTO COURSE VALUES(96,'Audiologia',6)
INSERT INTO COURSE VALUES(97,'Comunica\u00e7\u00e3o Alternativa e Aumentativa',6)
INSERT INTO COURSE VALUES(98,'Comunica\u00e7\u00e3o e Linguagem na Crian\u00e7a',6)
INSERT INTO COURSE VALUES(99,'Constru\u00e7\u00e3o e Valida\u00e7\u00e3o de Instrumentos',6)
INSERT INTO COURSE VALUES(100,'Fon\u00e9tica e Fonologia',6)
INSERT INTO COURSE VALUES(101,'Linguagem e Comunica\u00e7\u00e3o no Adulto',6)
INSERT INTO COURSE VALUES(102,'M\u00e9todos e T\u00e9cnicas de Avalia\u00e7\u00e3o e Interven\u00e7\u00e3o',6)
INSERT INTO COURSE VALUES(103,'Neuroci\u00eancias e Neurolingu\u00edstica',6)
INSERT INTO COURSE VALUES(104,'Otorrinolaringologia Aplicada',6)
INSERT INTO COURSE VALUES(105,'Psicolingu\u00edstica e Desenvolvimento da Linguag',6)
INSERT INTO COURSE VALUES(106,'Psicopatologia Aplicada',6)
INSERT INTO COURSE VALUES(107,'Psicopedagogia Aplicada',6)
INSERT INTO COURSE VALUES(108,'Teoria da Linguagem e da Comunica\u00e7\u00e3o',6)
INSERT INTO COURSE VALUES(109,'Voz, Motricidade Oro-Facial e Degluti\u00e7\u00e3o',6)
ALTER SEQUENCE PUBLIC.SEQUENCE_DEGREES RESTART WITH 7
ALTER SEQUENCE PUBLIC.SEQUENCE_COURSES RESTART WITH 110
COMMIT
INSERT INTO DEGREE VALUES(7,'Engenharia Inform\u00e1tica')
INSERT INTO COURSE VALUES(110,'Algoritmos e estruturas de dados I',7)
INSERT INTO COURSE VALUES(111,'Algoritmos e estruturas de dados II',7)
INSERT INTO COURSE VALUES(112,'An\u00e1lise de sistemas',7)
INSERT INTO COURSE VALUES(113,'Arquitetura de computadores',7)
INSERT INTO COURSE VALUES(114,'Bases de dados',7)
INSERT INTO COURSE VALUES(115,'Eletr\u00f3nica aplicada',7)
INSERT INTO COURSE VALUES(116,'Engenharia de software',7)
INSERT INTO COURSE VALUES(117,'Hardware e sensores',7)
INSERT INTO COURSE VALUES(118,'Introdu\u00e7\u00e3o \u00e0 algoritmia e programa\u00e7\u00e3o',7)
INSERT INTO COURSE VALUES(119,'Investiga\u00e7\u00e3o operacional',7)
INSERT INTO COURSE VALUES(120,'Linguagens de programa\u00e7\u00e3o I',7)
INSERT INTO COURSE VALUES(121,'Linguagens de programa\u00e7\u00e3o II',7)
INSERT INTO COURSE VALUES(122,'Multim\u00e9dia I',7)
INSERT INTO COURSE VALUES(123,'Multim\u00e9dia II',7)
INSERT INTO COURSE VALUES(124,'Redes de computadores I',7)
INSERT INTO COURSE VALUES(125,'Redes de computadores II',7)
INSERT INTO COURSE VALUES(126,'Sistemas de informa\u00e7\u00e3o',7)
INSERT INTO COURSE VALUES(127,'Sistemas digitais',7)
INSERT INTO COURSE VALUES(128,'Sistemas distribu\u00eddos',7)
INSERT INTO COURSE VALUES(129,'Sistemas operativos',7)
ALTER SEQUENCE PUBLIC.SEQUENCE_DEGREES RESTART WITH 8
ALTER SEQUENCE PUBLIC.SEQUENCE_COURSES RESTART WITH 130
COMMIT
INSERT INTO DEGREE VALUES(8,'Engenharia Civil')
INSERT INTO COURSE VALUES(130,'Bet\u00e3o armado I',8)
INSERT INTO COURSE VALUES(131,'Bet\u00e3o Armado II',8)
INSERT INTO COURSE VALUES(132,'Fiscaliza\u00e7\u00e3o, Coordena\u00e7\u00e3o e Controlo de Obras',8)
INSERT INTO COURSE VALUES(133,'F\u00edsica das constru\u00e7\u00f5es',8)
INSERT INTO COURSE VALUES(134,'Gest\u00e3o de empresas e de estaleiros',8)
INSERT INTO COURSE VALUES(135,'Hidr\u00e1ulica I',8)
INSERT INTO COURSE VALUES(136,'Hidr\u00e1ulica II',8)
INSERT INTO COURSE VALUES(137,'Introdu\u00e7\u00e3o \u00e0 engenharia da constru\u00e7\u00e3o civil',8)
INSERT INTO COURSE VALUES(138,'Materiais de constru\u00e7\u00e3o',8)
INSERT INTO COURSE VALUES(139,'Materiais e t\u00e9cnicas de reabilita\u00e7\u00e3o',8)
INSERT INTO COURSE VALUES(140,'Mec\u00e2nica das estruturas',8)
INSERT INTO COURSE VALUES(141,'Mec\u00e2nica dos solos',8)
INSERT INTO COURSE VALUES(142,'Patologias e Reabilita\u00e7\u00e3o de Constru\u00e7\u00f5es',8)
INSERT INTO COURSE VALUES(143,'Planeamento do territ\u00f3rio',8)
INSERT INTO COURSE VALUES(144,'Processos de constru\u00e7\u00e3o',8)
INSERT INTO COURSE VALUES(145,'Projeto de Especialidades',8)
INSERT INTO COURSE VALUES(146,'Resist\u00eancia de materiais I',8)
INSERT INTO COURSE VALUES(147,'Resist\u00eancia de materiais II',8)
INSERT INTO COURSE VALUES(148,'Topografia e fotogrametria',8)
INSERT INTO COURSE VALUES(149,'Vias de Comunica\u00e7\u00e3o',8)
ALTER SEQUENCE PUBLIC.SEQUENCE_DEGREES RESTART WITH 9
ALTER SEQUENCE PUBLIC.SEQUENCE_COURSES RESTART WITH 150
COMMIT
INSERT INTO DEGREE VALUES(9,'Engenharia do Ambiente')
INSERT INTO COURSE VALUES(150,'Avalia\u00e7\u00e3o de impactes',9)
INSERT INTO COURSE VALUES(151,'Biologia',9)
INSERT INTO COURSE VALUES(152,'Ecologia',9)
INSERT INTO COURSE VALUES(153,'Energias e meio ambiente',9)
INSERT INTO COURSE VALUES(154,'Epidemiologia geral e ambiental',9)
INSERT INTO COURSE VALUES(155,'Gest\u00e3o ambiental em unidades de sa\u00fade',9)
INSERT INTO COURSE VALUES(156,'Gest\u00e3o e tratamento de efluentes gasosos',9)
INSERT INTO COURSE VALUES(157,'Gest\u00e3o e tratamento de res\u00edduos s\u00f3lidos',9)
INSERT INTO COURSE VALUES(158,'Hidrologia e qualidade das \u00e1guas',9)
INSERT INTO COURSE VALUES(159,'Introdu\u00e7\u00e3o \u00e0 engenharia do ambiente',9)
INSERT INTO COURSE VALUES(160,'Mec\u00e2nica dos fluidos e hidr\u00e1ulica ambiental',9)
INSERT INTO COURSE VALUES(161,'M\u00e9todos instrumentais de an\u00e1lise ambiental',9)
INSERT INTO COURSE VALUES(162,'Microbiologia',9)
INSERT INTO COURSE VALUES(163,'Polui\u00e7\u00e3o atmosf\u00e9rica e sonora',9)
INSERT INTO COURSE VALUES(164,'Preven\u00e7\u00e3o e remedia\u00e7\u00e3o ambiental',9)
INSERT INTO COURSE VALUES(165,'Qualidade ambiental de edif\u00edcios',9)
INSERT INTO COURSE VALUES(166,'Qu\u00edmica ambiental',9)
INSERT INTO COURSE VALUES(167,'Seguran\u00e7a e higiene do trabalho',9)
INSERT INTO COURSE VALUES(168,'Tecnologias ecol\u00f3gicas',9)
INSERT INTO COURSE VALUES(169,'Tratamento de \u00e1guas de abastecimento e residuos',9)
ALTER SEQUENCE PUBLIC.SEQUENCE_DEGREES RESTART WITH 10
ALTER SEQUENCE PUBLIC.SEQUENCE_COURSES RESTART WITH 170
COMMIT
INSERT INTO DEGREE VALUES(10,'Engenharia e Gest\u00e3o da Qualidade')
INSERT INTO COURSE VALUES(170,'Acredita\u00e7\u00e3o de laborat\u00f3rios',10)
INSERT INTO COURSE VALUES(171,'Avalia\u00e7\u00e3o de riscos profissionais',10)
INSERT INTO COURSE VALUES(172,'Certifica\u00e7\u00e3o de empresas (produtos, servi\u00e7os ',10)
INSERT INTO COURSE VALUES(173,'Conce\u00e7\u00e3o e gest\u00e3o da forma\u00e7\u00e3o',10)
INSERT INTO COURSE VALUES(174,'Controlo da qualidade',10)
INSERT INTO COURSE VALUES(175,'Controlo de riscos profissionais',10)
INSERT INTO COURSE VALUES(176,'Custos da qualidade',10)
INSERT INTO COURSE VALUES(177,'Engenharia e projeto da qualidade',10)
INSERT INTO COURSE VALUES(178,'Ergonomia',10)
INSERT INTO COURSE VALUES(179,'Gest\u00e3o da preven\u00e7\u00e3o',10)
INSERT INTO COURSE VALUES(180,'Gest\u00e3o das organiza\u00e7\u00f5es',10)
INSERT INTO COURSE VALUES(181,'Gest\u00e3o do processo da qualidade',10)
INSERT INTO COURSE VALUES(182,'Higiene do trabalho I',10)
INSERT INTO COURSE VALUES(183,'Higiene do trabalho II',10)
INSERT INTO COURSE VALUES(184,'Legisla\u00e7\u00e3o e regulamenta\u00e7\u00e3o de seguran\u00e7a, hig',10)
INSERT INTO COURSE VALUES(185,'Organiza\u00e7\u00e3o de Emerg\u00eancia',10)
INSERT INTO COURSE VALUES(186,'Psicossociologia do trabalho',10)
INSERT INTO COURSE VALUES(187,'Qualidade total',10)
INSERT INTO COURSE VALUES(188,'Responsabilidade social e \u00e9tica de gest\u00e3o',10)
INSERT INTO COURSE VALUES(189,'Seguran\u00e7a do trabalho I',10)
INSERT INTO COURSE VALUES(190,'Seguran\u00e7a do trabalho II',10)
INSERT INTO COURSE VALUES(191,'Sistemas da qualidade',10)
ALTER SEQUENCE PUBLIC.SEQUENCE_DEGREES RESTART WITH 11
ALTER SEQUENCE PUBLIC.SEQUENCE_COURSES RESTART WITH 192
COMMIT
INSERT INTO DEGREE VALUES(11,'Ci\u00eancia Pol\u00edtica e Rela\u00e7\u00f5es Internacionais')
INSERT INTO COURSE VALUES(192,'Antropologia social e cultural',11)
INSERT INTO COURSE VALUES(193,'Capital humano e competitividade',11)
INSERT INTO COURSE VALUES(194,'Democracia e cidadania',11)
INSERT INTO COURSE VALUES(195,'Diplomacia pol\u00edtica e econ\u00f3mica',11)
INSERT INTO COURSE VALUES(196,'Direito internacional p\u00fablico',11)
INSERT INTO COURSE VALUES(197,'Economia pol\u00edtica',11)
INSERT INTO COURSE VALUES(198,'Espanhol I',11)
INSERT INTO COURSE VALUES(199,'Espanhol II',11)
INSERT INTO COURSE VALUES(200,'\u00c9tica e ci\u00eancia pol\u00edtica',11)
INSERT INTO COURSE VALUES(201,'Grandes temas da hist\u00f3ria e do jornalismo (s\u00e9',11)
INSERT INTO COURSE VALUES(202,'Ingl\u00eas III',11)
INSERT INTO COURSE VALUES(203,'Ingl\u00eas IV',11)
INSERT INTO COURSE VALUES(204,'Marketing pol\u00edtico',11)
INSERT INTO COURSE VALUES(205,'Ordem pol\u00edtica e econ\u00f3mica internacional: glo',11)
INSERT INTO COURSE VALUES(206,'Pol\u00edtica demogr\u00e1fica e movimentos migrat\u00f3rios',11)
INSERT INTO COURSE VALUES(207,'Psicossociologia das organiza\u00e7\u00f5es',11)
INSERT INTO COURSE VALUES(208,'Teoria do estado e administra\u00e7\u00e3o',11)
INSERT INTO COURSE VALUES(209,'Teoria e hist\u00f3ria das rela\u00e7\u00f5es internacionais',11)
ALTER SEQUENCE PUBLIC.SEQUENCE_DEGREES RESTART WITH 12
ALTER SEQUENCE PUBLIC.SEQUENCE_COURSES RESTART WITH 210
COMMIT
INSERT INTO DEGREE VALUES(12,'Ci\u00eancias da Comunica\u00e7\u00e3o')
INSERT INTO COURSE VALUES(210,'Comunica\u00e7\u00e3o digital e hiperm\u00e9dia',12)
INSERT INTO COURSE VALUES(211,'Comunica\u00e7\u00e3o e conte\u00fados para multim\u00e9dia',12)
INSERT INTO COURSE VALUES(212,'Design gr\u00e1fico e comunica\u00e7\u00e3o na web',12)
INSERT INTO COURSE VALUES(213,'Documentalismo visual e audiovisual',12)
INSERT INTO COURSE VALUES(214,'Escrita publicit\u00e1ria I',12)
INSERT INTO COURSE VALUES(215,'Escrita publicit\u00e1ria II',12)
INSERT INTO COURSE VALUES(216,'Est\u00e9tica da comunica\u00e7\u00e3o',12)
INSERT INTO COURSE VALUES(217,'Estudos de opini\u00e3o',12)
INSERT INTO COURSE VALUES(218,'\u00c9tica, direito e deontologia da comunica\u00e7\u00e3o',12)
INSERT INTO COURSE VALUES(219,'Fontes de informa\u00e7\u00e3o e bibliografia',12)
INSERT INTO COURSE VALUES(220,'Gram\u00e1tica da comunica\u00e7\u00e3o I',12)
INSERT INTO COURSE VALUES(221,'Gram\u00e1tica da comunica\u00e7\u00e3o II (not\u00edcia e cr\u00f3nic',12)
INSERT INTO COURSE VALUES(222,'Gram\u00e1tica da comunica\u00e7\u00e3o III (entrevista e re',12)
INSERT INTO COURSE VALUES(223,'Gram\u00e1tica da comunica\u00e7\u00e3o IV (editorialismo e ',12)
INSERT INTO COURSE VALUES(224,'Gram\u00e1tica da comunica\u00e7\u00e3o V (economia pol\u00edtica',12)
INSERT INTO COURSE VALUES(225,'Gram\u00e1tica da Comunica\u00e7\u00e3o VI (cultura e ci\u00eanci',12)
INSERT INTO COURSE VALUES(226,'Laborat\u00f3rio de r\u00e1dio',12)
INSERT INTO COURSE VALUES(227,'Laborat\u00f3rio de televis\u00e3o',12)
INSERT INTO COURSE VALUES(228,'Literatura e outras artes',12)
INSERT INTO COURSE VALUES(229,'Marketing: t\u00e9cnicas e estrat\u00e9gias',12)
INSERT INTO COURSE VALUES(230,'Novos media, inova\u00e7\u00e3o e criatividade (blogs, ',12)
INSERT INTO COURSE VALUES(231,'Rela\u00e7\u00f5es p\u00fablicas e assessoria de comunica\u00e7\u00e3o',12)
INSERT INTO COURSE VALUES(232,'Semi\u00f3tica da comunica\u00e7\u00e3o',12)
INSERT INTO COURSE VALUES(233,'Sistemas de informa\u00e7\u00e3o e de arquivo',12)
INSERT INTO COURSE VALUES(234,'Teoria e hist\u00f3ria da comunica\u00e7\u00e3o e do jornali',12)
INSERT INTO COURSE VALUES(235,'Teoria e hist\u00f3ria das rela\u00e7\u00f5es p\u00fablicas, da p',12)
INSERT INTO COURSE VALUES(236,'Voz profissional',12)
ALTER SEQUENCE PUBLIC.SEQUENCE_DEGREES RESTART WITH 13
ALTER SEQUENCE PUBLIC.SEQUENCE_COURSES RESTART WITH 237
COMMIT
INSERT INTO DEGREE VALUES(13,'Ci\u00eancias Empresariais')
INSERT INTO COURSE VALUES(237,'Economia portuguesa e pol\u00edtica europeia',13)
INSERT INTO COURSE VALUES(238,'Estrat\u00e9gia empresarial',13)
INSERT INTO COURSE VALUES(239,'Gest\u00e3o e contabilidade de stocks',13)
INSERT INTO COURSE VALUES(240,'Gest\u00e3o financeira I',13)
INSERT INTO COURSE VALUES(241,'Gest\u00e3o financeira II',13)
INSERT INTO COURSE VALUES(242,'Mercados e produtos financeiros',13)
ALTER SEQUENCE PUBLIC.SEQUENCE_DEGREES RESTART WITH 14
ALTER SEQUENCE PUBLIC.SEQUENCE_COURSES RESTART WITH 243
COMMIT
INSERT INTO DEGREE VALUES(14,'Criminologia')
INSERT INTO COURSE VALUES(243,'Crime e adi\u00e7\u00f5es',14)
INSERT INTO COURSE VALUES(244,'Crime: preven\u00e7\u00e3o e reinser\u00e7\u00e3o social',14)
INSERT INTO COURSE VALUES(245,'Criminalidade econ\u00f3mica',14)
INSERT INTO COURSE VALUES(246,'Criminalidade organizada',14)
INSERT INTO COURSE VALUES(247,'Criminalidade sexual e g\u00e9nero',14)
INSERT INTO COURSE VALUES(248,'Criminologia e vitimologia',14)
INSERT INTO COURSE VALUES(249,'Delinqu\u00eancia juvenil',14)
INSERT INTO COURSE VALUES(250,'Direito de fam\u00edlia e menores',14)
INSERT INTO COURSE VALUES(251,'Direito penal',14)
INSERT INTO COURSE VALUES(252,'Direito processual penal I',14)
INSERT INTO COURSE VALUES(253,'Direito processual penal II',14)
INSERT INTO COURSE VALUES(254,'Hist\u00f3ria do pensamento criminol\u00f3gico',14)
INSERT INTO COURSE VALUES(255,'Opini\u00e3o p\u00fablica e justi\u00e7a Criminal',14)
INSERT INTO COURSE VALUES(256,'Per\u00edcias: medicina legal e toxicologia',14)
INSERT INTO COURSE VALUES(257,'Perspetivas biol\u00f3gicas e psicol\u00f3gicas do crim',14)
INSERT INTO COURSE VALUES(258,'Perspetivas sociol\u00f3gicas do crime',14)
INSERT INTO COURSE VALUES(259,'Pol\u00edticas criminais e direito internacional',14)
INSERT INTO COURSE VALUES(260,'Psicopatologia e crime',14)
INSERT INTO COURSE VALUES(261,'Psicossociologia do conflito: negocia\u00e7\u00e3o e me',14)
INSERT INTO COURSE VALUES(262,'Sistemas penitenci\u00e1rios e execu\u00e7\u00e3o de Penas',14)
INSERT INTO COURSE VALUES(263,'T\u00e9cnicas de investiga\u00e7\u00e3o criminal',14)
INSERT INTO COURSE VALUES(264,'Terrorismo e medidas de seguran\u00e7a',14)
INSERT INTO COURSE VALUES(265,'Viol\u00eancia contempor\u00e2nea e mass-m\u00e9dia',14)
ALTER SEQUENCE PUBLIC.SEQUENCE_DEGREES RESTART WITH 15
ALTER SEQUENCE PUBLIC.SEQUENCE_COURSES RESTART WITH 266
COMMIT
INSERT INTO DEGREE VALUES(15,'Gest\u00e3o Comercial e Contabilidade')
INSERT INTO COURSE VALUES(266,'Com\u00e9rcio interno e distribui\u00e7\u00e3o',15)
INSERT INTO COURSE VALUES(267,'Contabilidade do setor p\u00fablico',15)
INSERT INTO COURSE VALUES(268,'Contabilidade geral III',15)
INSERT INTO COURSE VALUES(269,'Finan\u00e7as P\u00fablicas e Gest\u00e3o Aut\u00e1rquica',15)
INSERT INTO COURSE VALUES(270,'Gest\u00e3o financeira',15)
INSERT INTO COURSE VALUES(271,'Investiga\u00e7\u00e3o e an\u00e1lise de mercados',15)
ALTER SEQUENCE PUBLIC.SEQUENCE_DEGREES RESTART WITH 16
ALTER SEQUENCE PUBLIC.SEQUENCE_COURSES RESTART WITH 272
COMMIT
INSERT INTO DEGREE VALUES(16,'Psicologia')
INSERT INTO COURSE VALUES(272,'Avalia\u00e7\u00e3o psicol\u00f3gica da crian\u00e7a e do adolesc',16)
INSERT INTO COURSE VALUES(273,'Avalia\u00e7\u00e3o psicol\u00f3gica do adulto e do senescen',16)
INSERT INTO COURSE VALUES(274,'Estat\u00edstica aplicada \u00e0 psicologia',16)
INSERT INTO COURSE VALUES(275,'\u00c9tica e deontologia em psicologia',16)
INSERT INTO COURSE VALUES(276,'Hist\u00f3ria e epistemologia da psicologia',16)
INSERT INTO COURSE VALUES(277,'Introdu\u00e7\u00e3o \u00e0s ci\u00eancias sociais',16)
INSERT INTO COURSE VALUES(278,'M\u00e9todos de investiga\u00e7\u00e3o em psicologia',16)
INSERT INTO COURSE VALUES(279,'Modelos e m\u00e9todos de interven\u00e7\u00e3o psicol\u00f3gica ',16)
INSERT INTO COURSE VALUES(280,'Neuropsicologia',16)
INSERT INTO COURSE VALUES(281,'Psicobiologia e psicofisiologia',16)
INSERT INTO COURSE VALUES(282,'Psicologia cl\u00ednica e da sa\u00fade',16)
INSERT INTO COURSE VALUES(283,'Psicologia cognitiva I: perce\u00e7\u00e3o, aprendizage',16)
INSERT INTO COURSE VALUES(284,'Psicologia cognitiva II: linguagem e cogni\u00e7\u00e3o',16)
INSERT INTO COURSE VALUES(285,'Psicologia da educa\u00e7\u00e3o',16)
INSERT INTO COURSE VALUES(286,'Psicologia da motiva\u00e7\u00e3o e das emo\u00e7\u00f5es',16)
INSERT INTO COURSE VALUES(287,'Psicologia diferencial e da personalidade',16)
INSERT INTO COURSE VALUES(288,'Psicologia do comportamento desviante',16)
INSERT INTO COURSE VALUES(289,'Psicologia do desenvolvimento da crian\u00e7a e do',16)
INSERT INTO COURSE VALUES(290,'Psicologia do desenvolvimento do adulto e do ',16)
INSERT INTO COURSE VALUES(291,'Psicologia do desporto',16)
INSERT INTO COURSE VALUES(292,'Psicologia do trabalho e das organiza\u00e7\u00f5es',16)
INSERT INTO COURSE VALUES(293,'Psicologia experimental',16)
INSERT INTO COURSE VALUES(294,'Psicologia jur\u00eddica',16)
INSERT INTO COURSE VALUES(295,'Psicologia positiva',16)
INSERT INTO COURSE VALUES(296,'Psicometria',16)
INSERT INTO COURSE VALUES(297,'Psicopatologia da crian\u00e7a e do adolescente',16)
INSERT INTO COURSE VALUES(298,'Psicopatologia do adulto e do senescente',16)
ALTER SEQUENCE PUBLIC.SEQUENCE_DEGREES RESTART WITH 17
ALTER SEQUENCE PUBLIC.SEQUENCE_COURSES RESTART WITH 299
COMMIT
DISCONNECT
